{"total": {"lines":{"total":601,"covered":558,"skipped":0,"pct":92.84},"statements":{"total":670,"covered":620,"skipped":0,"pct":92.53},"functions":{"total":141,"covered":132,"skipped":0,"pct":93.61},"branches":{"total":311,"covered":266,"skipped":0,"pct":85.53},"branchesTrue":{"total":0,"covered":0,"skipped":0,"pct":100}}
,"/Users/sethford/Documents/shipwright/dashboard/src/components/charts/bar.ts": {"lines":{"total":30,"covered":30,"skipped":0,"pct":100},"functions":{"total":1,"covered":1,"skipped":0,"pct":100},"statements":{"total":34,"covered":34,"skipped":0,"pct":100},"branches":{"total":28,"covered":27,"skipped":0,"pct":96.42}}
,"/Users/sethford/Documents/shipwright/dashboard/src/components/charts/donut.ts": {"lines":{"total":13,"covered":13,"skipped":0,"pct":100},"functions":{"total":1,"covered":1,"skipped":0,"pct":100},"statements":{"total":13,"covered":13,"skipped":0,"pct":100},"branches":{"total":0,"covered":0,"skipped":0,"pct":100}}
,"/Users/sethford/Documents/shipwright/dashboard/src/components/charts/pipeline-rail.ts": {"lines":{"total":58,"covered":58,"skipped":0,"pct":100},"functions":{"total":2,"covered":2,"skipped":0,"pct":100},"statements":{"total":62,"covered":62,"skipped":0,"pct":100},"branches":{"total":34,"covered":31,"skipped":0,"pct":91.17}}
,"/Users/sethford/Documents/shipwright/dashboard/src/components/charts/sparkline.ts": {"lines":{"total":44,"covered":44,"skipped":0,"pct":100},"functions":{"total":2,"covered":2,"skipped":0,"pct":100},"statements":{"total":52,"covered":52,"skipped":0,"pct":100},"branches":{"total":36,"covered":34,"skipped":0,"pct":94.44}}
,"/Users/sethford/Documents/shipwright/dashboard/src/core/api.ts": {"lines":{"total":142,"covered":141,"skipped":0,"pct":99.29},"functions":{"total":74,"covered":73,"skipped":0,"pct":98.64},"statements":{"total":151,"covered":149,"skipped":0,"pct":98.67},"branches":{"total":31,"covered":28,"skipped":0,"pct":90.32}}
,"/Users/sethford/Documents/shipwright/dashboard/src/core/helpers.ts": {"lines":{"total":65,"covered":65,"skipped":0,"pct":100},"functions":{"total":14,"covered":14,"skipped":0,"pct":100},"statements":{"total":87,"covered":87,"skipped":0,"pct":100},"branches":{"total":65,"covered":65,"skipped":0,"pct":100}}
,"/Users/sethford/Documents/shipwright/dashboard/src/core/router.ts": {"lines":{"total":93,"covered":59,"skipped":0,"pct":63.44},"functions":{"total":13,"covered":7,"skipped":0,"pct":53.84},"statements":{"total":99,"covered":62,"skipped":0,"pct":62.62},"branches":{"total":52,"covered":30,"skipped":0,"pct":57.69}}
,"/Users/sethford/Documents/shipwright/dashboard/src/core/sse.ts": {"lines":{"total":14,"covered":14,"skipped":0,"pct":100},"functions":{"total":6,"covered":6,"skipped":0,"pct":100},"statements":{"total":15,"covered":15,"skipped":0,"pct":100},"branches":{"total":4,"covered":3,"skipped":0,"pct":75}}
,"/Users/sethford/Documents/shipwright/dashboard/src/core/state.ts": {"lines":{"total":38,"covered":38,"skipped":0,"pct":100},"functions":{"total":13,"covered":13,"skipped":0,"pct":100},"statements":{"total":44,"covered":44,"skipped":0,"pct":100},"branches":{"total":14,"covered":14,"skipped":0,"pct":100}}
,"/Users/sethford/Documents/shipwright/dashboard/src/core/ws.ts": {"lines":{"total":85,"covered":77,"skipped":0,"pct":90.58},"functions":{"total":14,"covered":12,"skipped":0,"pct":85.71},"statements":{"total":93,"covered":82,"skipped":0,"pct":88.17},"branches":{"total":42,"covered":29,"skipped":0,"pct":69.04}}
,"/Users/sethford/Documents/shipwright/dashboard/src/design/icons.ts": {"lines":{"total":6,"covered":6,"skipped":0,"pct":100},"functions":{"total":1,"covered":1,"skipped":0,"pct":100},"statements":{"total":7,"covered":7,"skipped":0,"pct":100},"branches":{"total":5,"covered":5,"skipped":0,"pct":100}}
,"/Users/sethford/Documents/shipwright/dashboard/src/design/tokens.ts": {"lines":{"total":13,"covered":13,"skipped":0,"pct":100},"functions":{"total":0,"covered":0,"skipped":0,"pct":100},"statements":{"total":13,"covered":13,"skipped":0,"pct":100},"branches":{"total":0,"covered":0,"skipped":0,"pct":100}}
}
