<?xml version="1.0" encoding="UTF-8"?>
<coverage generated="1775824233064" clover="3.2.0">
  <project timestamp="1775824233064" name="All files">
    <metrics statements="53" coveredstatements="46" conditionals="18" coveredconditionals="14" methods="11" coveredmethods="9" elements="82" coveredelements="69" complexity="0" loc="53" ncloc="53" packages="1" files="3" classes="3"/>
    <file name="app.js" path="/Volumes/zHardDrive/code/shipwright/demo/src/app.js">
      <metrics statements="34" coveredstatements="29" conditionals="8" coveredconditionals="5" methods="9" coveredmethods="7"/>
      <line num="1" count="1" type="stmt"/>
      <line num="2" count="1" type="stmt"/>
      <line num="3" count="1" type="stmt"/>
      <line num="5" count="1" type="stmt"/>
      <line num="6" count="1" type="stmt"/>
      <line num="9" count="1" type="stmt"/>
      <line num="13" count="1" type="stmt"/>
      <line num="16" count="1" type="stmt"/>
      <line num="17" count="1" type="stmt"/>
      <line num="21" count="1" type="stmt"/>
      <line num="22" count="1" type="stmt"/>
      <line num="26" count="1" type="stmt"/>
      <line num="27" count="3" type="stmt"/>
      <line num="28" count="2" type="cond" truecount="2" falsecount="0"/>
      <line num="29" count="1" type="stmt"/>
      <line num="31" count="1" type="stmt"/>
      <line num="35" count="1" type="stmt"/>
      <line num="36" count="3" type="stmt"/>
      <line num="37" count="3" type="cond" truecount="2" falsecount="0"/>
      <line num="38" count="2" type="stmt"/>
      <line num="40" count="2" type="stmt"/>
      <line num="44" count="1" type="stmt"/>
      <line num="45" count="1" type="stmt"/>
      <line num="46" count="1" type="stmt"/>
      <line num="50" count="1" type="stmt"/>
      <line num="51" count="1" type="stmt"/>
      <line num="55" count="1" type="stmt"/>
      <line num="56" count="0" type="stmt"/>
      <line num="57" count="0" type="stmt"/>
      <line num="61" count="1" type="cond" truecount="1" falsecount="1"/>
      <line num="62" count="0" type="cond" truecount="0" falsecount="2"/>
      <line num="63" count="0" type="stmt"/>
      <line num="64" count="0" type="stmt"/>
      <line num="68" count="1" type="stmt"/>
    </file>
    <file name="middleware.js" path="/Volumes/zHardDrive/code/shipwright/demo/src/middleware.js">
      <metrics statements="15" coveredstatements="13" conditionals="10" coveredconditionals="9" methods="1" coveredmethods="1"/>
      <line num="10" count="8" type="stmt"/>
      <line num="12" count="8" type="cond" truecount="2" falsecount="0"/>
      <line num="13" count="1" type="stmt"/>
      <line num="14" count="1" type="stmt"/>
      <line num="17" count="7" type="stmt"/>
      <line num="18" count="7" type="cond" truecount="4" falsecount="0"/>
      <line num="19" count="1" type="stmt"/>
      <line num="20" count="1" type="stmt"/>
      <line num="25" count="6" type="stmt"/>
      <line num="26" count="6" type="cond" truecount="3" falsecount="1"/>
      <line num="27" count="0" type="stmt"/>
      <line num="28" count="0" type="stmt"/>
      <line num="32" count="6" type="stmt"/>
      <line num="33" count="6" type="stmt"/>
      <line num="36" count="1" type="stmt"/>
    </file>
    <file name="validators.js" path="/Volumes/zHardDrive/code/shipwright/demo/src/validators.js">
      <metrics statements="4" coveredstatements="4" conditionals="0" coveredconditionals="0" methods="1" coveredmethods="1"/>
      <line num="1" count="2" type="stmt"/>
      <line num="10" count="2" type="stmt"/>
      <line num="31" count="10" type="stmt"/>
      <line num="34" count="2" type="stmt"/>
    </file>
  </project>
</coverage>
