TN:
SF:demo/src/app.js
FN:16,(anonymous_0)
FN:21,(anonymous_1)
FN:26,(anonymous_2)
FN:27,(anonymous_3)
FN:35,(anonymous_4)
FN:40,(anonymous_5)
FN:50,(anonymous_6)
FN:55,(anonymous_7)
FN:63,(anonymous_8)
FNF:9
FNH:7
FNDA:1,(anonymous_0)
FNDA:1,(anonymous_1)
FNDA:2,(anonymous_2)
FNDA:3,(anonymous_3)
FNDA:3,(anonymous_4)
FNDA:2,(anonymous_5)
FNDA:1,(anonymous_6)
FNDA:0,(anonymous_7)
FNDA:0,(anonymous_8)
DA:1,1
DA:2,1
DA:3,1
DA:5,1
DA:6,1
DA:9,1
DA:13,1
DA:16,1
DA:17,1
DA:21,1
DA:22,1
DA:26,1
DA:27,3
DA:28,2
DA:29,1
DA:31,1
DA:35,1
DA:36,3
DA:37,3
DA:38,2
DA:40,2
DA:44,1
DA:45,1
DA:46,1
DA:50,1
DA:51,1
DA:55,1
DA:56,0
DA:57,0
DA:61,1
DA:62,0
DA:63,0
DA:64,0
DA:68,1
LF:34
LH:29
BRDA:28,0,0,1
BRDA:28,0,1,1
BRDA:37,1,0,2
BRDA:37,1,1,1
BRDA:61,2,0,0
BRDA:61,2,1,1
BRDA:62,3,0,0
BRDA:62,3,1,0
BRF:8
BRH:5
end_of_record
TN:
SF:demo/src/middleware.js
FN:9,authMiddleware
FNF:1
FNH:1
FNDA:8,authMiddleware
DA:10,8
DA:12,8
DA:13,1
DA:14,1
DA:17,7
DA:18,7
DA:19,1
DA:20,1
DA:25,6
DA:26,6
DA:27,0
DA:28,0
DA:32,6
DA:33,6
DA:36,1
LF:15
LH:13
BRDA:12,0,0,1
BRDA:12,0,1,7
BRDA:18,1,0,1
BRDA:18,1,1,6
BRDA:18,2,0,7
BRDA:18,2,1,6
BRDA:26,3,0,0
BRDA:26,3,1,6
BRDA:26,4,0,6
BRDA:26,4,1,6
BRF:10
BRH:9
end_of_record
TN:
SF:demo/src/validators.js
FN:30,validateUser
FNF:1
FNH:1
FNDA:10,validateUser
DA:1,2
DA:10,2
DA:31,10
DA:34,2
LF:4
LH:4
BRF:0
BRH:0
end_of_record
